Determining if the pthread_create exist failed with the following output:
Change Dir: /home/yamada/ros_to_nrp/build/CMakeFiles/CMakeTmp

Run Build Command:"/usr/bin/make" "cmTC_5297b/fast"
/usr/bin/make -f CMakeFiles/cmTC_5297b.dir/build.make CMakeFiles/cmTC_5297b.dir/build
make[1]: ディレクトリ '/home/yamada/ros_to_nrp/build/CMakeFiles/CMakeTmp' に入ります
Building C object CMakeFiles/cmTC_5297b.dir/CheckSymbolExists.c.o
/usr/bin/cc    -o CMakeFiles/cmTC_5297b.dir/CheckSymbolExists.c.o   -c /home/yamada/ros_to_nrp/build/CMakeFiles/CMakeTmp/CheckSymbolExists.c
Linking C executable cmTC_5297b
/usr/bin/cmake -E cmake_link_script CMakeFiles/cmTC_5297b.dir/link.txt --verbose=1
/usr/bin/cc      -rdynamic CMakeFiles/cmTC_5297b.dir/CheckSymbolExists.c.o  -o cmTC_5297b 
CMakeFiles/cmTC_5297b.dir/CheckSymbolExists.c.o: 関数 `main' 内:
CheckSymbolExists.c:(.text+0x1b): `pthread_create' に対する定義されていない参照です
collect2: error: ld returned 1 exit status
CMakeFiles/cmTC_5297b.dir/build.make:97: recipe for target 'cmTC_5297b' failed
make[1]: *** [cmTC_5297b] Error 1
make[1]: ディレクトリ '/home/yamada/ros_to_nrp/build/CMakeFiles/CMakeTmp' から出ます
Makefile:126: recipe for target 'cmTC_5297b/fast' failed
make: *** [cmTC_5297b/fast] Error 2

File /home/yamada/ros_to_nrp/build/CMakeFiles/CMakeTmp/CheckSymbolExists.c:
/* */
#include <pthread.h>

int main(int argc, char** argv)
{
  (void)argv;
#ifndef pthread_create
  return ((int*)(&pthread_create))[argc];
#else
  (void)argc;
  return 0;
#endif
}

Determining if the function pthread_create exists in the pthreads failed with the following output:
Change Dir: /home/yamada/ros_to_nrp/build/CMakeFiles/CMakeTmp

Run Build Command:"/usr/bin/make" "cmTC_0f1db/fast"
/usr/bin/make -f CMakeFiles/cmTC_0f1db.dir/build.make CMakeFiles/cmTC_0f1db.dir/build
make[1]: ディレクトリ '/home/yamada/ros_to_nrp/build/CMakeFiles/CMakeTmp' に入ります
Building C object CMakeFiles/cmTC_0f1db.dir/CheckFunctionExists.c.o
/usr/bin/cc   -DCHECK_FUNCTION_EXISTS=pthread_create   -o CMakeFiles/cmTC_0f1db.dir/CheckFunctionExists.c.o   -c /usr/share/cmake-3.10/Modules/CheckFunctionExists.c
Linking C executable cmTC_0f1db
/usr/bin/cmake -E cmake_link_script CMakeFiles/cmTC_0f1db.dir/link.txt --verbose=1
/usr/bin/cc  -DCHECK_FUNCTION_EXISTS=pthread_create    -rdynamic CMakeFiles/cmTC_0f1db.dir/CheckFunctionExists.c.o  -o cmTC_0f1db -lpthreads 
/usr/bin/ld: -lpthreads が見つかりません
collect2: error: ld returned 1 exit status
CMakeFiles/cmTC_0f1db.dir/build.make:97: recipe for target 'cmTC_0f1db' failed
make[1]: *** [cmTC_0f1db] Error 1
make[1]: ディレクトリ '/home/yamada/ros_to_nrp/build/CMakeFiles/CMakeTmp' から出ます
Makefile:126: recipe for target 'cmTC_0f1db/fast' failed
make: *** [cmTC_0f1db/fast] Error 2


